2022-12-14 21:15:19,570 INFO  [Log] ** 
2022-12-14 21:15:19,571 INFO  [Log] ** 
2022-12-14 21:15:19,582 INFO  [Log] ############   My first test case is Login test ################ 
2022-12-14 21:15:19,583 INFO  [Log] ** 
2022-12-14 21:15:19,583 INFO  [Log] ** 
2022-12-14 21:15:19,583 INFO  [Log] My login test is going on 
2022-12-14 21:15:19,583 INFO  [Log] My test case might be failed 
2022-12-14 21:15:22,357 INFO  [Log] My test case is about to complete 
2022-12-14 21:15:22,358 INFO  [Log] ################################## 
2022-12-14 21:15:22,358 INFO  [Log] ########################################## 
2022-12-14 21:15:22,359 INFO  [Log] ############   This is my login test again ################ 
2022-12-14 21:15:22,359 INFO  [Log] ########################## 
2022-12-14 21:15:22,360 INFO  [Log] ########################################## 
2022-12-14 22:30:25,331 INFO  [Log] ** 
2022-12-14 22:30:25,331 INFO  [Log] ** 
2022-12-14 22:30:25,339 INFO  [Log] ############   My first test case is Login test ################ 
2022-12-14 22:30:25,339 INFO  [Log] ** 
2022-12-14 22:30:25,339 INFO  [Log] ** 
2022-12-14 22:30:25,339 INFO  [Log] My login test is going on 
2022-12-14 22:30:25,339 INFO  [Log] My test case might be failed 
2022-12-14 22:30:27,612 INFO  [Log] My test case is about to complete 
2022-12-14 22:30:27,612 INFO  [Log] ################################## 
2022-12-14 22:30:27,612 INFO  [Log] ########################################## 
2022-12-14 22:30:27,612 INFO  [Log] ############   This is my login test again ################ 
2022-12-14 22:30:27,612 INFO  [Log] ########################## 
2022-12-14 22:30:27,612 INFO  [Log] ########################################## 
2022-12-14 22:31:09,083 INFO  [Log] ** 
2022-12-14 22:31:09,090 INFO  [Log] ** 
2022-12-14 22:31:09,093 INFO  [Log] ############   My first test case is Login test ################ 
2022-12-14 22:31:09,093 INFO  [Log] ** 
2022-12-14 22:31:09,093 INFO  [Log] ** 
2022-12-14 22:31:09,093 INFO  [Log] My login test is going on 
2022-12-14 22:31:09,093 INFO  [Log] My test case might be failed 
2022-12-14 22:31:11,623 INFO  [Log] My test case is about to complete 
2022-12-14 22:31:11,623 INFO  [Log] ################################## 
2022-12-14 22:31:11,623 INFO  [Log] ########################################## 
2022-12-14 22:31:11,623 INFO  [Log] ############   This is my login test again ################ 
2022-12-14 22:31:11,623 INFO  [Log] ########################## 
2022-12-14 22:31:11,623 INFO  [Log] ########################################## 
2022-12-14 22:56:32,671 INFO  [Log] ** 
2022-12-14 22:56:32,671 INFO  [Log] ** 
2022-12-14 22:56:32,675 INFO  [Log] ############   My first test case is Login test ################ 
2022-12-14 22:56:32,675 INFO  [Log] ** 
2022-12-14 22:56:32,675 INFO  [Log] ** 
2022-12-14 22:56:32,675 INFO  [Log] My login test is going on 
2022-12-14 22:56:32,675 INFO  [Log] My test case might be failed 
2022-12-14 22:56:47,686 INFO  [Log] ** 
2022-12-14 22:56:47,686 INFO  [Log] ** 
2022-12-14 22:56:47,688 INFO  [Log] ############   My first test case is Login test ################ 
2022-12-14 22:56:47,688 INFO  [Log] ** 
2022-12-14 22:56:47,688 INFO  [Log] ** 
2022-12-14 22:56:47,688 INFO  [Log] My login test is going on 
2022-12-14 22:56:47,688 INFO  [Log] My test case might be failed 
2022-12-14 22:56:49,853 INFO  [Log] My test case is about to complete 
2022-12-14 22:56:49,853 INFO  [Log] ################################## 
2022-12-14 22:56:49,853 INFO  [Log] ########################################## 
2022-12-14 22:56:49,854 INFO  [Log] ############   This is my login test again ################ 
2022-12-14 22:56:49,854 INFO  [Log] ########################## 
2022-12-14 22:56:49,854 INFO  [Log] ########################################## 
2022-12-15 07:48:33,862 INFO  [Log] ** 
2022-12-15 07:48:33,862 INFO  [Log] ** 
2022-12-15 07:48:33,872 INFO  [Log] ############   My first test case is Login test ################ 
2022-12-15 07:48:33,873 INFO  [Log] ** 
2022-12-15 07:48:33,873 INFO  [Log] ** 
2022-12-15 07:48:33,873 INFO  [Log] My login test is going on 
2022-12-15 07:48:33,873 INFO  [Log] My test case might be failed 
2022-12-15 07:48:34,676 INFO  [Log] My test case is about to complete 
2022-12-15 07:48:34,676 INFO  [Log] ################################## 
2022-12-15 07:48:34,676 INFO  [Log] ########################################## 
2022-12-15 07:48:34,677 INFO  [Log] ############   This is my login test again ################ 
2022-12-15 07:48:34,677 INFO  [Log] ########################## 
2022-12-15 07:48:34,677 INFO  [Log] ########################################## 
